<?xml version="1.0" encoding="UTF-8"?>
<!-- Generated by org.testng.reporters.JUnitXMLReporter -->
<testsuite hostname="ShesiPC" ignored="0" name="Test" tests="9" failures="1" timestamp="2020-04-18T03:12:23 BST" time="120.541" errors="0">
  <testcase name="homeQaclickAccess" time="7.809" classname="frameWork_8.EndToEndF_New.TestHomeWithLog4j">
    <failure type="java.lang.AssertionError" message="expected [FEATURED COURSE] but found [FEATURED COURSES]">
      <![CDATA[java.lang.AssertionError: expected [FEATURED COURSE] but found [FEATURED COURSES]
at frameWork_8.EndToEndF_New.TestHomeWithLog4j.homeQaclickAccess(TestHomeWithLog4j.java:98)
at java.util.ArrayList.forEach(ArrayList.java:1257)
... Removed 32 stack frames]]>
    </failure>
  </testcase> <!-- homeQaclickAccess -->
  <testcase name="homeQaclickAccess2" time="6.011" classname="frameWork_8.EndToEndF_New.TestHomeWithLog4j"/>
  <testcase name="loginQaclickAccess" time="7.877" classname="frameWork_8.EndToEndF_New.TestHomeWithLog4j"/>
  <testcase name="validateSearchBox" time="0.121" classname="frameWork_8.EndToEndF_New.TestHomeWithLog4j"/>
  <testcase name="homeQaclickAccess" time="3.726" classname="frameWork_8.EndToEndF_New.TestHomeQaclick"/>
  <testcase name="loginQaclickAccess" time="6.896" classname="frameWork_8.EndToEndF_New.TestHomeQaclick"/>
  <testcase name="loginQaclickAccess" time="25.783" classname="testWithTestngData.TestHomeWithParameterizing"/>
  <testcase name="loginQaclickAccess" time="19.646" classname="testWithTestngData.TestHomeWithParameterizing"/>
  <testcase name="loginQaclickAccess" time="18.069" classname="testWithTestngData.TestHomeWithParameterizing"/>
</testsuite> <!-- Test -->
