<?xml version="1.0" encoding="UTF-8"?>
<!-- Generated by org.testng.reporters.JUnitXMLReporter -->
<testsuite hostname="ShesiPC" name="Test3" tests="3" failures="0" timestamp="21 Apr 2020 19:10:21 GMT" time="85.65" errors="0">
  <testcase name="loginQaclickAccess" time="44.716" classname="testWithTestngData.TestHomeWithParameterizing"/>
  <testcase name="loginQaclickAccess" time="20.813" classname="testWithTestngData.TestHomeWithParameterizing"/>
  <testcase name="loginQaclickAccess" time="20.118" classname="testWithTestngData.TestHomeWithParameterizing"/>
</testsuite> <!-- Test3 -->
