<?xml version="1.0" encoding="UTF-8"?>
<!-- Generated by org.testng.reporters.JUnitXMLReporter -->
<testsuite hostname="ShesiPC" name="Test1" tests="4" failures="1" timestamp="21 Apr 2020 19:08:07 GMT" time="67.168" errors="0">
  <testcase name="homeQaclickAccess" time="5.363" classname="frameWork_8.EndToEndF_New.TestHomeWithLog4j">
    <failure type="java.lang.AssertionError" message="expected [FEATURED COURSE] but found [FEATURED COURSES]">
      <![CDATA[java.lang.AssertionError: expected [FEATURED COURSE] but found [FEATURED COURSES]
	at frameWork_8.EndToEndF_New.TestHomeWithLog4j.homeQaclickAccess(TestHomeWithLog4j.java:98)
... Removed 33 stack frames]]>
    </failure>
  </testcase> <!-- homeQaclickAccess -->
  <testcase name="homeQaclickAccess2" time="10.118" classname="frameWork_8.EndToEndF_New.TestHomeWithLog4j"/>
  <testcase name="loginQaclickAccess" time="27.747" classname="frameWork_8.EndToEndF_New.TestHomeWithLog4j"/>
  <testcase name="validateSearchBox" time="0.095" classname="frameWork_8.EndToEndF_New.TestHomeWithLog4j"/>
</testsuite> <!-- Test1 -->
