-------------------------------------------------------------------------------
Test set: TestSuite
-------------------------------------------------------------------------------
Tests run: 11, Failures: 1, Errors: 0, Skipped: 0, Time elapsed: 301.683 s <<< FAILURE! - in TestSuite
frameWork_8.EndToEndF_New.TestHomeWithLog4j.homeQaclickAccess  Time elapsed: 5.369 s  <<< FAILURE!
java.lang.AssertionError: expected [FEATURED COURSE] but found [FEATURED COURSES]
	at frameWork_8.EndToEndF_New.TestHomeWithLog4j.homeQaclickAccess(TestHomeWithLog4j.java:98)

