<?xml version="1.0" encoding="UTF-8"?>
<testsuite xmlns:xsi="http://www.w3.org/2001/XMLSchema-instance" xsi:noNamespaceSchemaLocation="https://maven.apache.org/surefire/maven-surefire-plugin/xsd/surefire-test-report-3.0.xsd" version="3.0" name="TestSuite" time="301.683" tests="11" errors="0" skipped="0" failures="1">
  <properties>
[...]
</properties>
  <testcase name="homeQaclickAccess" classname="frameWork_8.EndToEndF_New.TestHomeWithLog4j" time="5.369">
    <failure message="expected [FEATURED COURSE] but found [FEATURED COURSES]" type="java.lang.AssertionError"><![CDATA[java.lang.AssertionError: expected [FEATURED COURSE] but found [FEATURED COURSES]
	at frameWork_8.EndToEndF_New.TestHomeWithLog4j.homeQaclickAccess(TestHomeWithLog4j.java:98)
]]></failure>
    <system-err><![CDATA[Starting ChromeDriver 81.0.4044.69 (6813546031a4bc83f717a2ef7cd4ac6ec1199132-refs/branch-heads/4044@{#776}) on port 47439
Only local connections are allowed.
Please protect ports used by ChromeDriver and related test frameworks to prevent access by malicious code.
Apr 21, 2020 8:07:05 PM org.openqa.selenium.remote.ProtocolHandshake createSession
INFO: Detected dialect: W3C
[1587496026.658][SEVERE]: Timed out receiving message from renderer: 0.100
[1587496026.764][SEVERE]: Timed out receiving message from renderer: 0.100
[1587496026.909][SEVERE]: Timed out receiving message from renderer: 0.100
[1587496027.019][SEVERE]: Timed out receiving message from renderer: 0.100
[1587496027.123][SEVERE]: Timed out receiving message from renderer: 0.100
[1587496027.226][SEVERE]: Timed out receiving message from renderer: 0.100
[1587496027.332][SEVERE]: Timed out receiving message from renderer: 0.100
[1587496027.436][SEVERE]: Timed out receiving message from renderer: 0.100
[1587496027.539][SEVERE]: Timed out receiving message from renderer: 0.100
[1587496027.649][SEVERE]: Timed out receiving message from renderer: 0.100
[1587496027.751][SEVERE]: Timed out receiving message from renderer: 0.100
[1587496027.855][SEVERE]: Timed out receiving message from renderer: 0.100
[1587496027.959][SEVERE]: Timed out receiving message from renderer: 0.100
[1587496028.065][SEVERE]: Timed out receiving message from renderer: 0.100
[1587496028.168][SEVERE]: Timed out receiving message from renderer: 0.100
[1587496028.274][SEVERE]: Timed out receiving message from renderer: 0.100
[1587496028.378][SEVERE]: Timed out receiving message from renderer: 0.100
[1587496028.484][SEVERE]: Timed out receiving message from renderer: 0.100
[1587496028.589][SEVERE]: Timed out receiving message from renderer: 0.100
[1587496028.693][SEVERE]: Timed out receiving message from renderer: 0.100
[1587496028.805][SEVERE]: Timed out receiving message from renderer: 0.100
[1587496028.910][SEVERE]: Timed out receiving message from renderer: 0.100
[1587496029.021][SEVERE]: Timed out receiving message from renderer: 0.100
[1587496029.127][SEVERE]: Timed out receiving message from renderer: 0.100
[1587496029.237][SEVERE]: Timed out receiving message from renderer: 0.100
[1587496029.346][SEVERE]: Timed out receiving message from renderer: 0.100
[1587496029.449][SEVERE]: Timed out receiving message from renderer: 0.100
[1587496029.554][SEVERE]: Timed out receiving message from renderer: 0.100
[1587496029.658][SEVERE]: Timed out receiving message from renderer: 0.100
[1587496029.765][SEVERE]: Timed out receiving message from renderer: 0.100
[1587496029.867][SEVERE]: Timed out receiving message from renderer: 0.100
[1587496029.970][SEVERE]: Timed out receiving message from renderer: 0.100
[1587496030.074][SEVERE]: Timed out receiving message from renderer: 0.100
[1587496030.180][SEVERE]: Timed out receiving message from renderer: 0.100
[1587496030.284][SEVERE]: Timed out receiving message from renderer: 0.100
[1587496030.386][SEVERE]: Timed out receiving message from renderer: 0.100
[1587496030.490][SEVERE]: Timed out receiving message from renderer: 0.100
[1587496030.593][SEVERE]: Timed out receiving message from renderer: 0.100
[1587496030.700][SEVERE]: Timed out receiving message from renderer: 0.100
[1587496031.665][SEVERE]: Timed out receiving message from renderer: 0.100
[1587496031.767][SEVERE]: Timed out receiving message from renderer: 0.100
[1587496031.873][SEVERE]: Timed out receiving message from renderer: 0.100
[1587496031.977][SEVERE]: Timed out receiving message from renderer: 0.100
[1587496032.079][SEVERE]: Timed out receiving message from renderer: 0.100
[1587496032.384][SEVERE]: Timed out receiving message from renderer: 0.100
[1587496032.486][SEVERE]: Timed out receiving message from renderer: 0.100
[1587496032.589][SEVERE]: Timed out receiving message from renderer: 0.100
[1587496032.692][SEVERE]: Timed out receiving message from renderer: 0.100
[1587496032.800][SEVERE]: Timed out receiving message from renderer: 0.100
[1587496032.904][SEVERE]: Timed out receiving message from renderer: 0.100
[1587496033.094][SEVERE]: Timed out receiving message from renderer: 0.100
[1587496033.218][SEVERE]: Timed out receiving message from renderer: 0.100
[1587496033.322][SEVERE]: Timed out receiving message from renderer: 0.100
[1587496033.425][SEVERE]: Timed out receiving message from renderer: 0.100
[1587496033.528][SEVERE]: Timed out receiving message from renderer: 0.100
[1587496033.726][SEVERE]: Timed out receiving message from renderer: 0.100
[1587496033.923][SEVERE]: Timed out receiving message from renderer: 0.100
[1587496034.029][SEVERE]: Timed out receiving message from renderer: 0.100
[1587496034.134][SEVERE]: Timed out receiving message from renderer: 0.100
[1587496034.235][SEVERE]: Timed out receiving message from renderer: 0.100
[1587496034.374][SEVERE]: Timed out receiving message from renderer: 0.100
[1587496034.477][SEVERE]: Timed out receiving message from renderer: 0.100
[1587496034.578][SEVERE]: Timed out receiving message from renderer: 0.100
[1587496034.679][SEVERE]: Timed out receiving message from renderer: 0.100
[1587496034.782][SEVERE]: Timed out receiving message from renderer: 0.100
[1587496034.884][SEVERE]: Timed out receiving message from renderer: 0.100
[1587496035.042][SEVERE]: Timed out receiving message from renderer: 0.100
[1587496035.213][SEVERE]: Timed out receiving message from renderer: 0.100
[1587496035.339][SEVERE]: Timed out receiving message from renderer: 0.100
[1587496035.446][SEVERE]: Timed out receiving message from renderer: 0.100
[1587496035.549][SEVERE]: Timed out receiving message from renderer: 0.100
[1587496035.650][SEVERE]: Timed out receiving message from renderer: 0.100
[1587496035.752][SEVERE]: Timed out receiving message from renderer: 0.100
[1587496035.855][SEVERE]: Timed out receiving message from renderer: 0.100
[1587496036.060][SEVERE]: Timed out receiving message from renderer: 0.100
[1587496036.167][SEVERE]: Timed out receiving message from renderer: 0.100
[1587496036.270][SEVERE]: Timed out receiving message from renderer: 0.100
[1587496036.371][SEVERE]: Timed out receiving message from renderer: 0.100
[1587496036.498][SEVERE]: Timed out receiving message from renderer: 0.100
[1587496036.648][SEVERE]: Timed out receiving message from renderer: 0.100
[1587496036.822][SEVERE]: Timed out receiving message from renderer: 0.100
[1587496037.091][SEVERE]: Timed out receiving message from renderer: 0.100
[1587496037.199][SEVERE]: Timed out receiving message from renderer: 0.100
[1587496037.303][SEVERE]: Timed out receiving message from renderer: 0.100
[1587496037.473][SEVERE]: Timed out receiving message from renderer: 0.100
[1587496037.579][SEVERE]: Timed out receiving message from renderer: 0.100
[1587496037.681][SEVERE]: Timed out receiving message from renderer: 0.100
[1587496037.782][SEVERE]: Timed out receiving message from renderer: 0.100
[1587496037.884][SEVERE]: Timed out receiving message from renderer: 0.100
[1587496037.986][SEVERE]: Timed out receiving message from renderer: 0.100
[1587496038.088][SEVERE]: Timed out receiving message from renderer: 0.100
[1587496038.189][SEVERE]: Timed out receiving message from renderer: 0.100
[1587496038.290][SEVERE]: Timed out receiving message from renderer: 0.100
[1587496038.393][SEVERE]: Timed out receiving message from renderer: 0.100
[1587496038.495][SEVERE]: Timed out receiving message from renderer: 0.100
[1587496038.596][SEVERE]: Timed out receiving message from renderer: 0.100
[1587496038.713][SEVERE]: Timed out receiving message from renderer: 0.100
[1587496038.984][SEVERE]: Timed out receiving message from renderer: 0.100
[1587496039.092][SEVERE]: Timed out receiving message from renderer: 0.100
[1587496039.253][SEVERE]: Timed out receiving message from renderer: 0.100
[1587496039.474][SEVERE]: Timed out receiving message from renderer: 0.100
]]></system-err>
  </testcase>
  <testcase name="homeQaclickAccess2" classname="frameWork_8.EndToEndF_New.TestHomeWithLog4j" time="10.121"/>
  <testcase name="loginQaclickAccess" classname="frameWork_8.EndToEndF_New.TestHomeWithLog4j" time="27.744"/>
  <testcase name="validateSearchBox" classname="frameWork_8.EndToEndF_New.TestHomeWithLog4j" time="0.097"/>
  <testcase name="homeQaclickAccess" classname="frameWork_8.EndToEndF_New.TestHomeQaclick" time="12.121"/>
  <testcase name="loginQaclickAccess" classname="frameWork_8.EndToEndF_New.TestHomeQaclick" time="28.055"/>
  <testcase name="loginQaclickAccess" classname="testWithTestngData.TestHomeWithParameterizing" time="44.732"/>
  <testcase name="loginQaclickAccess" classname="testWithTestngData.TestHomeWithParameterizing" time="20.797"/>
  <testcase name="loginQaclickAccess" classname="testWithTestngData.TestHomeWithParameterizing" time="20.133"/>
  <testcase name="runScenario" classname="testRunnerFile.TestRunner" time="46.97"/>
  <testcase name="runScenario" classname="testRunnerFile.TestRunner" time="49.267"/>
</testsuite>